This is pdfTeX, Version 3.141592653-2.6-1.40.22 (TeX Live 2022/dev/Debian) (preloaded format=pdflatex 2023.7.20)  21 NOV 2023 10:42
entering extended mode
 restricted \write18 enabled.
 %&-line parsing enabled.
**/tmp/RtmpoJP1K1/preview-53a915c9abb92.dir/SVbyEye.tex
(/tmp/RtmpoJP1K1/preview-53a915c9abb92.dir/SVbyEye.tex
LaTeX2e <2021-11-15> patch level 1
L3 programming layer <2022-01-21> (/usr/share/texlive/texmf-dist/tex/latex/base
/article.cls
Document Class: article 2021/10/04 v1.4n Standard LaTeX document class
(/usr/share/texlive/texmf-dist/tex/latex/base/size10.clo
File: size10.clo 2021/10/04 v1.4n Standard LaTeX file (size option)
)
\c@part=\count185
\c@section=\count186
\c@subsection=\count187
\c@subsubsection=\count188
\c@paragraph=\count189
\c@subparagraph=\count190
\c@figure=\count191
\c@table=\count192
\abovecaptionskip=\skip47
\belowcaptionskip=\skip48
\bibindent=\dimen138
) (/usr/share/texmf/tex/latex/lm/lmodern.sty
Package: lmodern 2009/10/30 v1.6 Latin Modern Fonts
LaTeX Font Info:    Overwriting symbol font `operators' in version `normal'
(Font)                  OT1/cmr/m/n --> OT1/lmr/m/n on input line 22.
LaTeX Font Info:    Overwriting symbol font `letters' in version `normal'
(Font)                  OML/cmm/m/it --> OML/lmm/m/it on input line 23.
LaTeX Font Info:    Overwriting symbol font `symbols' in version `normal'
(Font)                  OMS/cmsy/m/n --> OMS/lmsy/m/n on input line 24.
LaTeX Font Info:    Overwriting symbol font `largesymbols' in version `normal'
(Font)                  OMX/cmex/m/n --> OMX/lmex/m/n on input line 25.
LaTeX Font Info:    Overwriting symbol font `operators' in version `bold'
(Font)                  OT1/cmr/bx/n --> OT1/lmr/bx/n on input line 26.
LaTeX Font Info:    Overwriting symbol font `letters' in version `bold'
(Font)                  OML/cmm/b/it --> OML/lmm/b/it on input line 27.
LaTeX Font Info:    Overwriting symbol font `symbols' in version `bold'
(Font)                  OMS/cmsy/b/n --> OMS/lmsy/b/n on input line 28.
LaTeX Font Info:    Overwriting symbol font `largesymbols' in version `bold'
(Font)                  OMX/cmex/m/n --> OMX/lmex/m/n on input line 29.
LaTeX Font Info:    Overwriting math alphabet `\mathbf' in version `normal'
(Font)                  OT1/cmr/bx/n --> OT1/lmr/bx/n on input line 31.
LaTeX Font Info:    Overwriting math alphabet `\mathsf' in version `normal'
(Font)                  OT1/cmss/m/n --> OT1/lmss/m/n on input line 32.
LaTeX Font Info:    Overwriting math alphabet `\mathit' in version `normal'
(Font)                  OT1/cmr/m/it --> OT1/lmr/m/it on input line 33.
LaTeX Font Info:    Overwriting math alphabet `\mathtt' in version `normal'
(Font)                  OT1/cmtt/m/n --> OT1/lmtt/m/n on input line 34.
LaTeX Font Info:    Overwriting math alphabet `\mathbf' in version `bold'
(Font)                  OT1/cmr/bx/n --> OT1/lmr/bx/n on input line 35.
LaTeX Font Info:    Overwriting math alphabet `\mathsf' in version `bold'
(Font)                  OT1/cmss/bx/n --> OT1/lmss/bx/n on input line 36.
LaTeX Font Info:    Overwriting math alphabet `\mathit' in version `bold'
(Font)                  OT1/cmr/bx/it --> OT1/lmr/bx/it on input line 37.
LaTeX Font Info:    Overwriting math alphabet `\mathtt' in version `bold'
(Font)                  OT1/cmtt/m/n --> OT1/lmtt/m/n on input line 38.
) (/usr/share/texlive/texmf-dist/tex/latex/amsfonts/amssymb.sty
Package: amssymb 2013/01/14 v3.01 AMS font symbols
(/usr/share/texlive/texmf-dist/tex/latex/amsfonts/amsfonts.sty
Package: amsfonts 2013/01/14 v3.01 Basic AMSFonts support
\@emptytoks=\toks16
\symAMSa=\mathgroup4
\symAMSb=\mathgroup5
LaTeX Font Info:    Redeclaring math symbol \hbar on input line 98.
LaTeX Font Info:    Overwriting math alphabet `\mathfrak' in version `bold'
(Font)                  U/euf/m/n --> U/euf/b/n on input line 106.
)) (/usr/share/texlive/texmf-dist/tex/latex/amsmath/amsmath.sty
Package: amsmath 2021/10/15 v2.17l AMS math features
\@mathmargin=\skip49
For additional information on amsmath, use the `?' option.
(/usr/share/texlive/texmf-dist/tex/latex/amsmath/amstext.sty
Package: amstext 2021/08/26 v2.01 AMS text
(/usr/share/texlive/texmf-dist/tex/latex/amsmath/amsgen.sty
File: amsgen.sty 1999/11/30 v2.0 generic functions
\@emptytoks=\toks17
\ex@=\dimen139
)) (/usr/share/texlive/texmf-dist/tex/latex/amsmath/amsbsy.sty
Package: amsbsy 1999/11/29 v1.2d Bold Symbols
\pmbraise@=\dimen140
) (/usr/share/texlive/texmf-dist/tex/latex/amsmath/amsopn.sty
Package: amsopn 2021/08/26 v2.02 operator names
)
\inf@bad=\count193
LaTeX Info: Redefining \frac on input line 234.
\uproot@=\count194
\leftroot@=\count195
LaTeX Info: Redefining \overline on input line 399.
\classnum@=\count196
\DOTSCASE@=\count197
LaTeX Info: Redefining \ldots on input line 496.
LaTeX Info: Redefining \dots on input line 499.
LaTeX Info: Redefining \cdots on input line 620.
\Mathstrutbox@=\box50
\strutbox@=\box51
\big@size=\dimen141
LaTeX Font Info:    Redeclaring font encoding OML on input line 743.
LaTeX Font Info:    Redeclaring font encoding OMS on input line 744.
\macc@depth=\count198
\c@MaxMatrixCols=\count199
\dotsspace@=\muskip16
\c@parentequation=\count266
\dspbrk@lvl=\count267
\tag@help=\toks18
\row@=\count268
\column@=\count269
\maxfields@=\count270
\andhelp@=\toks19
\eqnshift@=\dimen142
\alignsep@=\dimen143
\tagshift@=\dimen144
\tagwidth@=\dimen145
\totwidth@=\dimen146
\lineht@=\dimen147
\@envbody=\toks20
\multlinegap=\skip50
\multlinetaggap=\skip51
\mathdisplay@stack=\toks21
LaTeX Info: Redefining \[ on input line 2938.
LaTeX Info: Redefining \] on input line 2939.
) (/usr/share/texlive/texmf-dist/tex/generic/iftex/ifxetex.sty
Package: ifxetex 2019/10/25 v0.7 ifxetex legacy package. Use iftex instead.
(/usr/share/texlive/texmf-dist/tex/generic/iftex/iftex.sty
Package: iftex 2020/03/06 v1.0d TeX engine tests
)) (/usr/share/texlive/texmf-dist/tex/generic/iftex/ifluatex.sty
Package: ifluatex 2019/10/25 v1.5 ifluatex legacy package. Use iftex instead.
) (/usr/share/texlive/texmf-dist/tex/latex/base/fixltx2e.sty
Package: fixltx2e 2016/12/29 v2.1a fixes to LaTeX (obsolete)
Applying: [2015/01/01] Old fixltx2e package on input line 46.

Package fixltx2e Warning: fixltx2e is not required with releases after 2015
(fixltx2e)                All fixes are now in the LaTeX kernel.
(fixltx2e)                See the latexrelease package for details.

Already applied: [0000/00/00] Old fixltx2e package on input line 53.
) (/usr/share/texlive/texmf-dist/tex/latex/base/fontenc.sty
Package: fontenc 2021/04/29 v2.0v Standard LaTeX package
LaTeX Font Info:    Trying to load font information for T1+lmr on input line 11
2.
(/usr/share/texmf/tex/latex/lm/t1lmr.fd
File: t1lmr.fd 2009/10/30 v1.6 Font defs for Latin Modern
)) (/usr/share/texlive/texmf-dist/tex/latex/base/inputenc.sty
Package: inputenc 2021/02/14 v1.3d Input encoding file
\inpenc@prehook=\toks22
\inpenc@posthook=\toks23
) (/usr/share/texlive/texmf-dist/tex/latex/upquote/upquote.sty
Package: upquote 2012/04/19 v1.3 upright-quote and grave-accent glyphs in verba
tim
(/usr/share/texlive/texmf-dist/tex/latex/base/textcomp.sty
Package: textcomp 2020/02/02 v2.0n Standard LaTeX package
)) (/usr/share/texlive/texmf-dist/tex/latex/microtype/microtype.sty
Package: microtype 2021/12/10 v3.0b Micro-typographical refinements (RS)
(/usr/share/texlive/texmf-dist/tex/latex/graphics/keyval.sty
Package: keyval 2014/10/28 v1.15 key=value parser (DPC)
\KV@toks@=\toks24
) (/usr/share/texlive/texmf-dist/tex/latex/etoolbox/etoolbox.sty
Package: etoolbox 2020/10/05 v2.5k e-TeX tools for LaTeX (JAW)
\etb@tempcnta=\count271
)
\MT@toks=\toks25
\MT@count=\count272
\MT@tempbox=\box52
LaTeX Info: Redefining \leftprotrusion on input line 1010.
LaTeX Info: Redefining \rightprotrusion on input line 1018.
LaTeX Info: Redefining \textls on input line 1173.
\MT@outer@kern=\dimen148
LaTeX Info: Redefining \textmicrotypecontext on input line 1759.
\MT@listname@count=\count273
(/usr/share/texlive/texmf-dist/tex/latex/microtype/microtype-pdftex.def
File: microtype-pdftex.def 2021/12/10 v3.0b Definitions specific to pdftex (RS)

LaTeX Info: Redefining \lsstyle on input line 897.
LaTeX Info: Redefining \lslig on input line 897.
\MT@outer@space=\skip52
)
Package microtype Info: Loading configuration file microtype.cfg.
(/usr/share/texlive/texmf-dist/tex/latex/microtype/microtype.cfg
File: microtype.cfg 2021/12/10 v3.0b microtype main configuration file (RS)
)) (/usr/share/texlive/texmf-dist/tex/latex/tools/longtable.sty
Package: longtable 2021-09-01 v4.17 Multi-page Table package (DPC)
\LTleft=\skip53
\LTright=\skip54
\LTpre=\skip55
\LTpost=\skip56
\LTchunksize=\count274
\LTcapwidth=\dimen149
\LT@head=\box53
\LT@firsthead=\box54
\LT@foot=\box55
\LT@lastfoot=\box56
\LT@gbox=\box57
\LT@cols=\count275
\LT@rows=\count276
\c@LT@tables=\count277
\c@LT@chunks=\count278
\LT@p@ftn=\toks26
) (/usr/share/texlive/texmf-dist/tex/latex/booktabs/booktabs.sty
Package: booktabs 2020/01/12 v1.61803398 Publication quality tables
\heavyrulewidth=\dimen150
\lightrulewidth=\dimen151
\cmidrulewidth=\dimen152
\belowrulesep=\dimen153
\belowbottomsep=\dimen154
\aboverulesep=\dimen155
\abovetopsep=\dimen156
\cmidrulesep=\dimen157
\cmidrulekern=\dimen158
\defaultaddspace=\dimen159
\@cmidla=\count279
\@cmidlb=\count280
\@aboverulesep=\dimen160
\@belowrulesep=\dimen161
\@thisruleclass=\count281
\@lastruleclass=\count282
\@thisrulewidth=\dimen162
) (/usr/share/texlive/texmf-dist/tex/latex/graphics/graphicx.sty
Package: graphicx 2021/09/16 v1.2d Enhanced LaTeX Graphics (DPC,SPQR)
(/usr/share/texlive/texmf-dist/tex/latex/graphics/graphics.sty
Package: graphics 2021/03/04 v1.4d Standard LaTeX Graphics (DPC,SPQR)
(/usr/share/texlive/texmf-dist/tex/latex/graphics/trig.sty
Package: trig 2021/08/11 v1.11 sin cos tan (DPC)
) (/usr/share/texlive/texmf-dist/tex/latex/graphics-cfg/graphics.cfg
File: graphics.cfg 2016/06/04 v1.11 sample graphics configuration
)
Package graphics Info: Driver file: pdftex.def on input line 107.
(/usr/share/texlive/texmf-dist/tex/latex/graphics-def/pdftex.def
File: pdftex.def 2020/10/05 v1.2a Graphics/color driver for pdftex
))
\Gin@req@height=\dimen163
\Gin@req@width=\dimen164
) (/usr/share/texlive/texmf-dist/tex/latex/grffile/grffile.sty
Package: grffile 2019/11/11 v2.1 Extended file name support for graphics (legac
y)
Package grffile Info: This package is an empty stub for compatibility on input 
line 40.
) (/usr/share/texlive/texmf-dist/tex/latex/parskip/parskip.sty
Package: parskip 2021-03-14 v2.0h non-zero parskip adjustments
(/usr/share/texlive/texmf-dist/tex/latex/kvoptions/kvoptions.sty
Package: kvoptions 2020-10-07 v3.14 Key value format for package options (HO)
(/usr/share/texlive/texmf-dist/tex/generic/ltxcmds/ltxcmds.sty
Package: ltxcmds 2020-05-10 v1.25 LaTeX kernel commands for general use (HO)
) (/usr/share/texlive/texmf-dist/tex/generic/kvsetkeys/kvsetkeys.sty
Package: kvsetkeys 2019/12/15 v1.18 Key value parser (HO)
))) (/usr/share/texlive/texmf-dist/tex/latex/titling/titling.sty
Package: titling 2009/09/04 v2.1d maketitle typesetting
\thanksmarkwidth=\skip57
\thanksmargin=\skip58
\droptitle=\skip59
)
(/home/porubsky/R/x86_64-pc-linux-gnu-library/4.3/BiocStyle/resources/tex/Bioco
nductor.sty

LaTeX Warning: You have requested package `/home/porubsky/R/x86_64-pc-linux-gnu
-library/4.3/BiocStyle/resources/tex/Bioconductor',
               but the package provides `Bioconductor'.

Package: Bioconductor 2016/06/22 Bioconductor LaTeX Style
(/usr/share/texlive/texmf-dist/tex/latex/base/ifthen.sty
Package: ifthen 2020/11/24 v1.1c Standard LaTeX ifthen package (DPC)
) (/usr/share/texlive/texmf-dist/tex/latex/graphics/color.sty
Package: color 2021/12/07 v1.3c Standard LaTeX Color (DPC)
(/usr/share/texlive/texmf-dist/tex/latex/graphics-cfg/color.cfg
File: color.cfg 2016/01/02 v1.6 sample color configuration
)
Package color Info: Driver file: pdftex.def on input line 149.
(/usr/share/texlive/texmf-dist/tex/latex/graphics/dvipsnam.def
File: dvipsnam.def 2016/06/17 v3.0m Driver-dependent file (DPC,SPQR)
)) (/usr/share/texlive/texmf-dist/tex/latex/hyperref/hyperref.sty
Package: hyperref 2021-06-07 v7.00m Hypertext links for LaTeX
(/usr/share/texlive/texmf-dist/tex/generic/pdftexcmds/pdftexcmds.sty
Package: pdftexcmds 2020-06-27 v0.33 Utility functions of pdfTeX for LuaTeX (HO
)
(/usr/share/texlive/texmf-dist/tex/generic/infwarerr/infwarerr.sty
Package: infwarerr 2019/12/03 v1.5 Providing info/warning/error messages (HO)
)
Package pdftexcmds Info: \pdf@primitive is available.
Package pdftexcmds Info: \pdf@ifprimitive is available.
Package pdftexcmds Info: \pdfdraftmode found.
) (/usr/share/texlive/texmf-dist/tex/generic/kvdefinekeys/kvdefinekeys.sty
Package: kvdefinekeys 2019-12-19 v1.6 Define keys (HO)
) (/usr/share/texlive/texmf-dist/tex/generic/pdfescape/pdfescape.sty
Package: pdfescape 2019/12/09 v1.15 Implements pdfTeX's escape features (HO)
) (/usr/share/texlive/texmf-dist/tex/latex/hycolor/hycolor.sty
Package: hycolor 2020-01-27 v1.10 Color options for hyperref/bookmark (HO)
) (/usr/share/texlive/texmf-dist/tex/latex/letltxmacro/letltxmacro.sty
Package: letltxmacro 2019/12/03 v1.6 Let assignment for LaTeX macros (HO)
) (/usr/share/texlive/texmf-dist/tex/latex/auxhook/auxhook.sty
Package: auxhook 2019-12-17 v1.6 Hooks for auxiliary files (HO)
)
\@linkdim=\dimen165
\Hy@linkcounter=\count283
\Hy@pagecounter=\count284
(/usr/share/texlive/texmf-dist/tex/latex/hyperref/pd1enc.def
File: pd1enc.def 2021-06-07 v7.00m Hyperref: PDFDocEncoding definition (HO)
Now handling font encoding PD1 ...
... no UTF-8 mapping file for font encoding PD1
) (/usr/share/texlive/texmf-dist/tex/latex/hyperref/hyperref-langpatches.def
File: hyperref-langpatches.def 2021-06-07 v7.00m Hyperref: patches for babel la
nguages
) (/usr/share/texlive/texmf-dist/tex/generic/intcalc/intcalc.sty
Package: intcalc 2019/12/15 v1.3 Expandable calculations with integers (HO)
) (/usr/share/texlive/texmf-dist/tex/generic/etexcmds/etexcmds.sty
Package: etexcmds 2019/12/15 v1.7 Avoid name clashes with e-TeX commands (HO)
)
\Hy@SavedSpaceFactor=\count285
(/usr/share/texlive/texmf-dist/tex/latex/hyperref/puenc.def
File: puenc.def 2021-06-07 v7.00m Hyperref: PDF Unicode definition (HO)
Now handling font encoding PU ...
... no UTF-8 mapping file for font encoding PU
)
Package hyperref Info: Option `pdfpagelabels' set `true' on input line 4073.
Package hyperref Info: Option `plainpages' set `false' on input line 4073.
Package hyperref Info: Option `bookmarks' set `true' on input line 4073.
Package hyperref Info: Option `bookmarksopen' set `true' on input line 4073.
Package hyperref Info: Option `bookmarksnumbered' set `true' on input line 4073
.
Package hyperref Info: Option `hyperfootnotes' set `false' on input line 4073.
Package hyperref Info: Option `colorlinks' set `true' on input line 4073.
Package hyperref Info: Option `breaklinks' set `true' on input line 4073.
Package hyperref Info: Option `raiselinks' set `true' on input line 4073.
Package hyperref Info: Option `pdfusetitle' set `true' on input line 4073.
Package hyperref Info: Hyper figures OFF on input line 4192.
Package hyperref Info: Link nesting OFF on input line 4197.
Package hyperref Info: Hyper index ON on input line 4200.
Package hyperref Info: Plain pages OFF on input line 4207.
Package hyperref Info: Backreferencing OFF on input line 4212.
Package hyperref Info: Implicit mode ON; LaTeX internals redefined.
Package hyperref Info: Bookmarks ON on input line 4445.
\c@Hy@tempcnt=\count286
(/usr/share/texlive/texmf-dist/tex/latex/url/url.sty
\Urlmuskip=\muskip17
Package: url 2013/09/16  ver 3.4  Verb mode for urls, etc.
)
LaTeX Info: Redefining \url on input line 4804.
\XeTeXLinkMargin=\dimen166
(/usr/share/texlive/texmf-dist/tex/generic/bitset/bitset.sty
Package: bitset 2019/12/09 v1.3 Handle bit-vector datatype (HO)
(/usr/share/texlive/texmf-dist/tex/generic/bigintcalc/bigintcalc.sty
Package: bigintcalc 2019/12/15 v1.5 Expandable calculations on big integers (HO
)
))
\Fld@menulength=\count287
\Field@Width=\dimen167
\Fld@charsize=\dimen168
Package hyperref Info: Hyper figures OFF on input line 6076.
Package hyperref Info: Link nesting OFF on input line 6081.
Package hyperref Info: Hyper index ON on input line 6084.
Package hyperref Info: backreferencing OFF on input line 6091.
Package hyperref Info: Link coloring ON on input line 6094.
Package hyperref Info: Link coloring with OCG OFF on input line 6101.
Package hyperref Info: PDF/A mode OFF on input line 6106.
LaTeX Info: Redefining \ref on input line 6146.
LaTeX Info: Redefining \pageref on input line 6150.
(/usr/share/texlive/texmf-dist/tex/latex/base/atbegshi-ltx.sty
Package: atbegshi-ltx 2021/01/10 v1.0c Emulation of the original atbegshi
package with kernel methods
)
\Hy@abspage=\count288
\c@Item=\count289
)
Package hyperref Info: Driver: hpdftex.
(/usr/share/texlive/texmf-dist/tex/latex/hyperref/hpdftex.def
File: hpdftex.def 2021-06-07 v7.00m Hyperref driver for pdfTeX
(/usr/share/texlive/texmf-dist/tex/latex/base/atveryend-ltx.sty
Package: atveryend-ltx 2020/08/19 v1.0a Emulation of the original atveryend pac
kage
with kernel methods
)
\Fld@listcount=\count290
\c@bookmark@seq@number=\count291
(/usr/share/texlive/texmf-dist/tex/latex/rerunfilecheck/rerunfilecheck.sty
Package: rerunfilecheck 2019/12/05 v1.9 Rerun checks for auxiliary files (HO)
(/usr/share/texlive/texmf-dist/tex/generic/uniquecounter/uniquecounter.sty
Package: uniquecounter 2019/12/15 v1.4 Provide unlimited unique counter (HO)
)
Package uniquecounter Info: New unique counter `rerunfilecheck' on input line 2
86.
)
\Hy@SectionHShift=\skip60
) (/usr/share/texlive/texmf-dist/tex/latex/geometry/geometry.sty
Package: geometry 2020/01/02 v5.9 Page Geometry
(/usr/share/texlive/texmf-dist/tex/generic/iftex/ifvtex.sty
Package: ifvtex 2019/10/25 v1.7 ifvtex legacy package. Use iftex instead.
)
\Gm@cnth=\count292
\Gm@cntv=\count293
\c@Gm@tempcnt=\count294
\Gm@bindingoffset=\dimen169
\Gm@wd@mp=\dimen170
\Gm@odd@mp=\dimen171
\Gm@even@mp=\dimen172
\Gm@layoutwidth=\dimen173
\Gm@layoutheight=\dimen174
\Gm@layouthoffset=\dimen175
\Gm@layoutvoffset=\dimen176
\Gm@dimlist=\toks27
)
\hfskip=\skip61
\layoutw=\skip62
\layouth=\skip63
\layouthoff=\skip64
\layoutvoff=\skip65
\overhang=\skip66
\rightoffset=\skip67
\fltoffset=\skip68
\capoffset=\skip69
(/usr/share/texlive/texmf-dist/tex/latex/bera/beramono.sty
Package: beramono 2004/01/31 (WaS)
) (/usr/share/texlive/texmf-dist/tex/latex/base/fontenc.sty
Package: fontenc 2021/04/29 v2.0v Standard LaTeX package
LaTeX Font Info:    Trying to load font information for T1+lmss on input line 1
12.
(/usr/share/texmf/tex/latex/lm/t1lmss.fd
File: t1lmss.fd 2009/10/30 v1.6 Font defs for Latin Modern
)) (/usr/share/texlive/texmf-dist/tex/latex/titlesec/titlesec.sty
Package: titlesec 2021/07/05 v2.14 Sectioning titles
\ttl@box=\box58
\beforetitleunit=\skip70
\aftertitleunit=\skip71
\ttl@plus=\dimen177
\ttl@minus=\dimen178
\ttl@toksa=\toks28
\titlewidth=\dimen179
\titlewidthlast=\dimen180
\titlewidthfirst=\dimen181
) (/usr/share/texlive/texmf-dist/tex/latex/framed/framed.sty
Package: framed 2011/10/22 v 0.96: framed or shaded text with page breaks
\OuterFrameSep=\skip72
\fb@frw=\dimen182
\fb@frh=\dimen183
\FrameRule=\dimen184
\FrameSep=\dimen185
)
\voverhang=\skip73
(/usr/share/texlive/texmf-dist/tex/latex/fancyhdr/fancyhdr.sty
Package: fancyhdr 2021/01/28 v4.0.1 Extensive control of page headers and foote
rs
\f@nch@headwidth=\skip74
\f@nch@O@elh=\skip75
\f@nch@O@erh=\skip76
\f@nch@O@olh=\skip77
\f@nch@O@orh=\skip78
\f@nch@O@elf=\skip79
\f@nch@O@erf=\skip80
\f@nch@O@olf=\skip81
\f@nch@O@orf=\skip82
) (/usr/share/texlive/texmf-dist/tex/latex/enumitem/enumitem.sty
Package: enumitem 2019/06/20 v3.9 Customized lists
\labelindent=\skip83
\enit@outerparindent=\dimen186
\enit@toks=\toks29
\enit@inbox=\box59
\enit@count@id=\count295
\enitdp@description=\count296
) (/usr/share/texlive/texmf-dist/tex/latex/nowidow/nowidow.sty
Package: nowidow 2011/09/20 1.0 Easily prevent widows and orphans
Package: nowidow 
) (/usr/share/texlive/texmf-dist/tex/latex/parnotes/parnotes.sty
Package: parnotes 2019/07/23 rev. 3b Notes after every paragraph, or elsewhere
\c@parnotemark=\count297
) (/usr/share/texlive/texmf-dist/tex/latex/preprint/authblk.sty
Package: authblk 2001/02/27 1.3 (PWD)
\affilsep=\skip84
\@affilsep=\skip85
\c@Maxaffil=\count298
\c@authors=\count299
\c@affil=\count300
) (/usr/share/texlive/texmf-dist/tex/generic/soul/soul.sty
Package: soul 2003/11/17 v2.4 letterspacing/underlining (mf)
\SOUL@word=\toks30
\SOUL@lasttoken=\toks31
\SOUL@cmds=\toks32
\SOUL@buffer=\toks33
\SOUL@token=\toks34
\SOUL@spaceskip=\skip86
\SOUL@ttwidth=\dimen187
\SOUL@uldp=\dimen188
\SOUL@ulht=\dimen189
) (/usr/share/texlive/texmf-dist/tex/latex/placeins/placeins.sty
Package: placeins 2005/04/18  v 2.2
) (/usr/share/texlive/texmf-dist/tex/latex/ragged2e/ragged2e.sty
Package: ragged2e 2021/12/15 v3.1 ragged2e Package
\CenteringLeftskip=\skip87
\RaggedLeftLeftskip=\skip88
\RaggedRightLeftskip=\skip89
\CenteringRightskip=\skip90
\RaggedLeftRightskip=\skip91
\RaggedRightRightskip=\skip92
\CenteringParfillskip=\skip93
\RaggedLeftParfillskip=\skip94
\RaggedRightParfillskip=\skip95
\JustifyingParfillskip=\skip96
\CenteringParindent=\skip97
\RaggedLeftParindent=\skip98
\RaggedRightParindent=\skip99
\JustifyingParindent=\skip100
) (/usr/share/texlive/texmf-dist/tex/latex/footmisc/footmisc.sty
Package: footmisc 2011/06/06 v5.5b a miscellany of footnote facilities
\FN@temptoken=\toks35
\footnotemargin=\dimen190
\c@pp@next@reset=\count301
Package footmisc Info: Declaring symbol style bringhurst on input line 855.
Package footmisc Info: Declaring symbol style chicago on input line 863.
Package footmisc Info: Declaring symbol style wiley on input line 872.
Package footmisc Info: Declaring symbol style lamport-robust on input line 883.

Package footmisc Info: Declaring symbol style lamport* on input line 903.
Package footmisc Info: Declaring symbol style lamport*-robust on input line 924
.
) (/usr/share/texlive/texmf-dist/tex/latex/marginfix/marginfix.sty
Package: marginfix 2020/05/06 v1.2 Fix Margin Paragraphs
\Mfx@inject@insert=\insert252
\Mfx@marginbox=\box60
\Mfx@marginpos@min=\dimen191
\Mfx@marginpos@max=\dimen192
\Mfx@marginspace=\dimen193
\Mfx@marginheight=\dimen194
\Mfx@piece@content=\box61
\Mfx@piece@count=\count302
\Mfx@mparshift=\dimen195
\marginheightadjustment=\dimen196
\marginposadjustment=\dimen197
\Mfx@strutheight=\dimen198
) (/usr/share/texlive/texmf-dist/tex/latex/changepage/changepage.sty
Package: changepage 2009/10/20 v1.0c check page and change page layout
\c@cp@cntr=\count303
\cp@tempcnt=\count304
) (/usr/share/texlive/texmf-dist/tex/latex/caption/caption.sty
Package: caption 2020/10/26 v3.5g Customizing captions (AR)
(/usr/share/texlive/texmf-dist/tex/latex/caption/caption3.sty
Package: caption3 2020/10/21 v2.2e caption3 kernel (AR)
\captionmargin=\dimen199
\captionmargin@=\dimen256
\captionwidth=\dimen257
\caption@tempdima=\dimen258
\caption@indent=\dimen259
\caption@parindent=\dimen260
\caption@hangindent=\dimen261
Package caption Info: Standard document class detected.
)
\c@caption@flags=\count305
\c@continuedfloat=\count306
Package caption Info: changepage package is loaded.
\caption@adjustwidth@hsize=\dimen262
\caption@adjustwidth@linewidth=\dimen263
Package caption Info: hyperref package is loaded.
Package caption Info: longtable package is loaded.
(/usr/share/texlive/texmf-dist/tex/latex/caption/ltcaption.sty
Package: ltcaption 2020/05/30 v1.4b longtable captions (AR)
)) (/usr/share/texlive/texmf-dist/tex/generic/xstring/xstring.sty (/usr/share/t
exlive/texmf-dist/tex/generic/xstring/xstring.tex
\integerpart=\count307
\decimalpart=\count308
)
Package: xstring 2021/07/21 v1.84 String manipulations (CT)
) (/usr/share/texlive/texmf-dist/tex/latex/titlesec/titletoc.sty
Package: titletoc 2021/07/05 v2.14 TOC entries
\ttl@leftsep=\dimen264
)
\rightextend=\skip101
(/usr/share/texlive/texmf-dist/tex/latex/mathtools/mathtools.sty
Package: mathtools 2021/02/02 v1.28 mathematical typesetting tools
(/usr/share/texlive/texmf-dist/tex/latex/tools/calc.sty
Package: calc 2017/05/25 v4.3 Infix arithmetic (KKT,FJ)
\calc@Acount=\count309
\calc@Bcount=\count310
\calc@Adimen=\dimen265
\calc@Bdimen=\dimen266
\calc@Askip=\skip102
\calc@Bskip=\skip103
LaTeX Info: Redefining \setlength on input line 80.
LaTeX Info: Redefining \addtolength on input line 81.
\calc@Ccount=\count311
\calc@Cskip=\skip104
) (/usr/share/texlive/texmf-dist/tex/latex/mathtools/mhsetup.sty
Package: mhsetup 2021/03/18 v1.4 programming setup (MH)
)
\g_MT_multlinerow_int=\count312
\l_MT_multwidth_dim=\dimen267
\origjot=\skip105
\l_MT_shortvdotswithinadjustabove_dim=\dimen268
\l_MT_shortvdotswithinadjustbelow_dim=\dimen269
\l_MT_above_intertext_sep=\dimen270
\l_MT_below_intertext_sep=\dimen271
\l_MT_above_shortintertext_sep=\dimen272
\l_MT_below_shortintertext_sep=\dimen273
\xmathstrut@box=\box62
\xmathstrut@dim=\dimen274
)
Skipping longtable patch
)
\cslhangindent=\skip106
\csllabelwidth=\skip107
(/usr/share/texlive/texmf-dist/tex/latex/fancyvrb/fancyvrb.sty
Package: fancyvrb 2021/12/21 4.1b verbatim text (tvz,hv)
\FV@CodeLineNo=\count313
\FV@InFile=\read2
\FV@TabBox=\box63
\c@FancyVerbLine=\count314
\FV@StepNumber=\count315
\FV@OutFile=\write3
) (/usr/share/texlive/texmf-dist/tex/latex/l3backend/l3backend-pdftex.def
File: l3backend-pdftex.def 2022-01-12 L3 backend support: PDF output (pdfTeX)
\l__color_backend_stack_int=\count316
\l__pdf_internal_box=\box64
) (./SVbyEye.aux)
\openout1 = `SVbyEye.aux'.

LaTeX Font Info:    Checking defaults for OML/cmm/m/it on input line 163.
LaTeX Font Info:    ... okay on input line 163.
LaTeX Font Info:    Checking defaults for OMS/cmsy/m/n on input line 163.
LaTeX Font Info:    ... okay on input line 163.
LaTeX Font Info:    Checking defaults for OT1/cmr/m/n on input line 163.
LaTeX Font Info:    ... okay on input line 163.
LaTeX Font Info:    Checking defaults for T1/cmr/m/n on input line 163.
LaTeX Font Info:    ... okay on input line 163.
LaTeX Font Info:    Checking defaults for TS1/cmr/m/n on input line 163.
LaTeX Font Info:    ... okay on input line 163.
LaTeX Font Info:    Checking defaults for OMX/cmex/m/n on input line 163.
LaTeX Font Info:    ... okay on input line 163.
LaTeX Font Info:    Checking defaults for U/cmr/m/n on input line 163.
LaTeX Font Info:    ... okay on input line 163.
LaTeX Font Info:    Checking defaults for PD1/pdf/m/n on input line 163.
LaTeX Font Info:    ... okay on input line 163.
LaTeX Font Info:    Checking defaults for PU/pdf/m/n on input line 163.
LaTeX Font Info:    ... okay on input line 163.
LaTeX Info: Redefining \microtypecontext on input line 163.
Package microtype Info: Applying patch `item' on input line 163.
Package microtype Info: Applying patch `toc' on input line 163.

Package microtype Warning: Unable to apply patch `eqnum' on input line 163.

Package microtype Info: Applying patch `footnote' on input line 163.
Package microtype Info: Generating PDF output.
Package microtype Info: Character protrusion enabled (level 2).
Package microtype Info: Using protrusion set `basicmath'.
Package microtype Info: Automatic font expansion enabled (level 2),
(microtype)             stretch: 20, shrink: 20, step: 1, non-selected.
Package microtype Info: Using default expansion set `alltext-nott'.
LaTeX Info: Redefining \showhyphens on input line 163.
Package microtype Info: No adjustment of tracking.
Package microtype Info: No adjustment of interword spacing.
Package microtype Info: No adjustment of character kerning.
Package microtype Info: Loading generic protrusion settings for font family
(microtype)             `lmss' (encoding: T1).
(microtype)             For optimal results, create family-specific settings.
(microtype)             See the microtype manual for details.
(/usr/share/texlive/texmf-dist/tex/context/base/mkii/supp-pdf.mkii
[Loading MPS to PDF converter (version 2006.09.02).]
\scratchcounter=\count317
\scratchdimen=\dimen275
\scratchbox=\box65
\nofMPsegments=\count318
\nofMParguments=\count319
\everyMPshowfont=\toks36
\MPscratchCnt=\count320
\MPscratchDim=\dimen276
\MPnumerator=\count321
\makeMPintoPDFobject=\count322
\everyMPtoPDFconversion=\toks37
) (/usr/share/texlive/texmf-dist/tex/latex/epstopdf-pkg/epstopdf-base.sty
Package: epstopdf-base 2020-01-24 v2.11 Base part for package epstopdf
Package epstopdf-base Info: Redefining graphics rule for `.eps' on input line 4
85.
(/usr/share/texlive/texmf-dist/tex/latex/latexconfig/epstopdf-sys.cfg
File: epstopdf-sys.cfg 2010/07/13 v1.3 Configuration of (r)epstopdf for TeX Liv
e
))
Package hyperref Info: Link coloring ON on input line 163.
(/usr/share/texlive/texmf-dist/tex/latex/hyperref/nameref.sty
Package: nameref 2021-04-02 v2.47 Cross-referencing by name of section
(/usr/share/texlive/texmf-dist/tex/latex/refcount/refcount.sty
Package: refcount 2019/12/15 v3.6 Data extraction from label references (HO)
) (/usr/share/texlive/texmf-dist/tex/generic/gettitlestring/gettitlestring.sty
Package: gettitlestring 2019/12/15 v1.6 Cleanup title references (HO)
)
\c@section@level=\count323
)
LaTeX Info: Redefining \ref on input line 163.
LaTeX Info: Redefining \pageref on input line 163.
LaTeX Info: Redefining \nameref on input line 163.
(./SVbyEye.out) (./SVbyEye.out)
\@outlinefile=\write4
\openout4 = `SVbyEye.out'.

*geometry* driver: auto-detecting
*geometry* detected driver: pdftex
*geometry* verbose mode - [ preamble ] result:
* driver: pdftex
* paper: <default>
* layout: <custom>
* layout(width,height): (597.50787pt,794.96999pt)
* layoutoffset:(h,v)=(8.39355pt,0.0pt)
* modes: includehead includefoot 
* h-part:(L,W,R)=(85.35826pt, 384.11221pt, 128.0374pt)
* v-part:(T,H,B)=(42.67912pt, 709.61174pt, 42.67912pt)
* \paperwidth=614.295pt
* \paperheight=794.96999pt
* \textwidth=384.11221pt
* \textheight=624.2535pt
* \oddsidemargin=21.48183pt
* \evensidemargin=21.48183pt
* \topmargin=-29.59087pt
* \headheight=47.0pt
* \headsep=0.0pt
* \topskip=10.0pt
* \footskip=42.67912pt
* \marginparwidth=85.35826pt
* \marginparsep=14.22636pt
* \columnsep=10.0pt
* \skip\footins=9.0pt plus 4.0pt minus 2.0pt
* \hoffset=0.0pt
* \voffset=0.0pt
* \mag=1000
* \@twocolumnfalse
* \@twosidefalse
* \@mparswitchfalse
* \@reversemarginfalse
* (1in=72.27pt=25.4mm, 1cm=28.453pt)

Package caption Info: Begin \AtBeginDocument code.
Package caption Info: End \AtBeginDocument code.
LaTeX Font Info:    Trying to load font information for T1+phv on input line 16
4.
(/usr/share/texlive/texmf-dist/tex/latex/psnfss/t1phv.fd
File: t1phv.fd 2020/03/25 scalable font definitions for T1/phv.
)
LaTeX Font Info:    Font shape `T1/lmss/bx/it' in size <14.4> not available
(Font)              Font shape `T1/lmss/bx/sl' tried instead on input line 164.

(./SVbyEye.toc)
\tf@toc=\write5
\openout5 = `SVbyEye.toc'.

[1

{/var/lib/texmf/fonts/map/pdftex/updmap/pdftex.map}] [2]
LaTeX Font Info:    Trying to load font information for T1+fvm on input line 20
5.
(/usr/share/texlive/texmf-dist/tex/latex/bera/t1fvm.fd
File: t1fvm.fd 2004/09/07 scalable font definitions for T1/fvm.
)
LaTeX Font Info:    Font shape `T1/fvm/m/n' will be
(Font)              scaled to size 7.98004pt on input line 205.
LaTeX Font Info:    Font shape `T1/lmss/m/it' in size <10> not available
(Font)              Font shape `T1/lmss/m/sl' tried instead on input line 209.
LaTeX Font Info:    Font shape `T1/fvm/m/it' in size <10> not available
(Font)              Font shape `T1/fvm/m/sl' tried instead on input line 213.
LaTeX Font Info:    Font shape `T1/fvm/m/sl' will be
(Font)              scaled to size 7.98004pt on input line 213.

Overfull \vbox (0.45813pt too high) detected at line 232
 []

[3]
</tmp/RtmpoJP1K1/preview-53a915c9abb92.dir/SVbyEye_files/figure-latex/unnamed-c
hunk-2-1.pdf, id=129, 693.59125pt x 204.765pt>
File: /tmp/RtmpoJP1K1/preview-53a915c9abb92.dir/SVbyEye_files/figure-latex/unna
med-chunk-2-1.pdf Graphic file (type pdf)
<use /tmp/RtmpoJP1K1/preview-53a915c9abb92.dir/SVbyEye_files/figure-latex/unnam
ed-chunk-2-1.pdf>
Package pdftex.def Info: /tmp/RtmpoJP1K1/preview-53a915c9abb92.dir/SVbyEye_file
s/figure-latex/unnamed-chunk-2-1.pdf  used on input line 235.
(pdftex.def)             Requested size: 341.4396pt x 100.80125pt.
</tmp/RtmpoJP1K1/preview-53a915c9abb92.dir/SVbyEye_files/figure-latex/unnamed-c
hunk-3-1.pdf, id=130, 693.59125pt x 204.765pt>
File: /tmp/RtmpoJP1K1/preview-53a915c9abb92.dir/SVbyEye_files/figure-latex/unna
med-chunk-3-1.pdf Graphic file (type pdf)
<use /tmp/RtmpoJP1K1/preview-53a915c9abb92.dir/SVbyEye_files/figure-latex/unnam
ed-chunk-3-1.pdf>
Package pdftex.def Info: /tmp/RtmpoJP1K1/preview-53a915c9abb92.dir/SVbyEye_file
s/figure-latex/unnamed-chunk-3-1.pdf  used on input line 250.
(pdftex.def)             Requested size: 341.4396pt x 100.80125pt.
</tmp/RtmpoJP1K1/preview-53a915c9abb92.dir/SVbyEye_files/figure-latex/unnamed-c
hunk-4-1.pdf, id=131, 693.59125pt x 277.035pt>
File: /tmp/RtmpoJP1K1/preview-53a915c9abb92.dir/SVbyEye_files/figure-latex/unna
med-chunk-4-1.pdf Graphic file (type pdf)
<use /tmp/RtmpoJP1K1/preview-53a915c9abb92.dir/SVbyEye_files/figure-latex/unnam
ed-chunk-4-1.pdf>
Package pdftex.def Info: /tmp/RtmpoJP1K1/preview-53a915c9abb92.dir/SVbyEye_file
s/figure-latex/unnamed-chunk-4-1.pdf  used on input line 262.
(pdftex.def)             Requested size: 341.4396pt x 136.37819pt.
[4 </tmp/RtmpoJP1K1/preview-53a915c9abb92.dir/SVbyEye_files/figure-latex/unname
d-chunk-2-1.pdf> </tmp/RtmpoJP1K1/preview-53a915c9abb92.dir/SVbyEye_files/figur
e-latex/unnamed-chunk-3-1.pdf> </tmp/RtmpoJP1K1/preview-53a915c9abb92.dir/SVbyE
ye_files/figure-latex/unnamed-chunk-4-1.pdf>]
</tmp/RtmpoJP1K1/preview-53a915c9abb92.dir/SVbyEye_files/figure-latex/unnamed-c
hunk-5-1.pdf, id=166, 693.59125pt x 277.035pt>
File: /tmp/RtmpoJP1K1/preview-53a915c9abb92.dir/SVbyEye_files/figure-latex/unna
med-chunk-5-1.pdf Graphic file (type pdf)
<use /tmp/RtmpoJP1K1/preview-53a915c9abb92.dir/SVbyEye_files/figure-latex/unnam
ed-chunk-5-1.pdf>
Package pdftex.def Info: /tmp/RtmpoJP1K1/preview-53a915c9abb92.dir/SVbyEye_file
s/figure-latex/unnamed-chunk-5-1.pdf  used on input line 274.
(pdftex.def)             Requested size: 341.4396pt x 136.37819pt.
</tmp/RtmpoJP1K1/preview-53a915c9abb92.dir/SVbyEye_files/figure-latex/unnamed-c
hunk-6-1.pdf, id=167, 693.59125pt x 211.79124pt>
File: /tmp/RtmpoJP1K1/preview-53a915c9abb92.dir/SVbyEye_files/figure-latex/unna
med-chunk-6-1.pdf Graphic file (type pdf)
<use /tmp/RtmpoJP1K1/preview-53a915c9abb92.dir/SVbyEye_files/figure-latex/unnam
ed-chunk-6-1.pdf>
Package pdftex.def Info: /tmp/RtmpoJP1K1/preview-53a915c9abb92.dir/SVbyEye_file
s/figure-latex/unnamed-chunk-6-1.pdf  used on input line 287.
(pdftex.def)             Requested size: 341.4396pt x 104.26013pt.
</tmp/RtmpoJP1K1/preview-53a915c9abb92.dir/SVbyEye_files/figure-latex/unnamed-c
hunk-7-1.pdf, id=168, 693.59125pt x 277.035pt>
File: /tmp/RtmpoJP1K1/preview-53a915c9abb92.dir/SVbyEye_files/figure-latex/unna
med-chunk-7-1.pdf Graphic file (type pdf)
<use /tmp/RtmpoJP1K1/preview-53a915c9abb92.dir/SVbyEye_files/figure-latex/unnam
ed-chunk-7-1.pdf>
Package pdftex.def Info: /tmp/RtmpoJP1K1/preview-53a915c9abb92.dir/SVbyEye_file
s/figure-latex/unnamed-chunk-7-1.pdf  used on input line 309.
(pdftex.def)             Requested size: 341.4396pt x 136.37819pt.
[5 </tmp/RtmpoJP1K1/preview-53a915c9abb92.dir/SVbyEye_files/figure-latex/unname
d-chunk-5-1.pdf> </tmp/RtmpoJP1K1/preview-53a915c9abb92.dir/SVbyEye_files/figur
e-latex/unnamed-chunk-6-1.pdf>]
</tmp/RtmpoJP1K1/preview-53a915c9abb92.dir/SVbyEye_files/figure-latex/unnamed-c
hunk-8-1.pdf, id=195, 693.59125pt x 277.035pt>
File: /tmp/RtmpoJP1K1/preview-53a915c9abb92.dir/SVbyEye_files/figure-latex/unna
med-chunk-8-1.pdf Graphic file (type pdf)
<use /tmp/RtmpoJP1K1/preview-53a915c9abb92.dir/SVbyEye_files/figure-latex/unnam
ed-chunk-8-1.pdf>
Package pdftex.def Info: /tmp/RtmpoJP1K1/preview-53a915c9abb92.dir/SVbyEye_file
s/figure-latex/unnamed-chunk-8-1.pdf  used on input line 324.
(pdftex.def)             Requested size: 341.4396pt x 136.37819pt.
</tmp/RtmpoJP1K1/preview-53a915c9abb92.dir/SVbyEye_files/figure-latex/unnamed-c
hunk-9-1.pdf, id=196, 693.59125pt x 277.035pt>
File: /tmp/RtmpoJP1K1/preview-53a915c9abb92.dir/SVbyEye_files/figure-latex/unna
med-chunk-9-1.pdf Graphic file (type pdf)
<use /tmp/RtmpoJP1K1/preview-53a915c9abb92.dir/SVbyEye_files/figure-latex/unnam
ed-chunk-9-1.pdf>
Package pdftex.def Info: /tmp/RtmpoJP1K1/preview-53a915c9abb92.dir/SVbyEye_file
s/figure-latex/unnamed-chunk-9-1.pdf  used on input line 338.
(pdftex.def)             Requested size: 341.4396pt x 136.37819pt.
[6 </tmp/RtmpoJP1K1/preview-53a915c9abb92.dir/SVbyEye_files/figure-latex/unname
d-chunk-7-1.pdf> </tmp/RtmpoJP1K1/preview-53a915c9abb92.dir/SVbyEye_files/figur
e-latex/unnamed-chunk-8-1.pdf> </tmp/RtmpoJP1K1/preview-53a915c9abb92.dir/SVbyE
ye_files/figure-latex/unnamed-chunk-9-1.pdf>]
</tmp/RtmpoJP1K1/preview-53a915c9abb92.dir/SVbyEye_files/figure-latex/unnamed-c
hunk-10-1.pdf, id=231, 693.59125pt x 277.035pt>
File: /tmp/RtmpoJP1K1/preview-53a915c9abb92.dir/SVbyEye_files/figure-latex/unna
med-chunk-10-1.pdf Graphic file (type pdf)
<use /tmp/RtmpoJP1K1/preview-53a915c9abb92.dir/SVbyEye_files/figure-latex/unnam
ed-chunk-10-1.pdf>
Package pdftex.def Info: /tmp/RtmpoJP1K1/preview-53a915c9abb92.dir/SVbyEye_file
s/figure-latex/unnamed-chunk-10-1.pdf  used on input line 368.
(pdftex.def)             Requested size: 341.4396pt x 136.37819pt.
LaTeX Font Info:    Trying to load font information for TS1+fvm on input line 3
78.
(/usr/share/texlive/texmf-dist/tex/latex/bera/ts1fvm.fd
File: ts1fvm.fd 2004/09/07 scalable font definitions for TS1/fvm.
)
LaTeX Font Info:    Font shape `TS1/fvm/m/n' will be
(Font)              scaled to size 7.98004pt on input line 378.
</tmp/RtmpoJP1K1/preview-53a915c9abb92.dir/SVbyEye_files/figure-latex/unnamed-c
hunk-11-1.pdf, id=232, 693.59125pt x 277.035pt>
File: /tmp/RtmpoJP1K1/preview-53a915c9abb92.dir/SVbyEye_files/figure-latex/unna
med-chunk-11-1.pdf Graphic file (type pdf)
<use /tmp/RtmpoJP1K1/preview-53a915c9abb92.dir/SVbyEye_files/figure-latex/unnam
ed-chunk-11-1.pdf>
Package pdftex.def Info: /tmp/RtmpoJP1K1/preview-53a915c9abb92.dir/SVbyEye_file
s/figure-latex/unnamed-chunk-11-1.pdf  used on input line 389.
(pdftex.def)             Requested size: 341.4396pt x 136.37819pt.
[7 </tmp/RtmpoJP1K1/preview-53a915c9abb92.dir/SVbyEye_files/figure-latex/unname
d-chunk-10-1.pdf>]
</tmp/RtmpoJP1K1/preview-53a915c9abb92.dir/SVbyEye_files/figure-latex/unnamed-c
hunk-12-1.pdf, id=248, 693.59125pt x 277.035pt>
File: /tmp/RtmpoJP1K1/preview-53a915c9abb92.dir/SVbyEye_files/figure-latex/unna
med-chunk-12-1.pdf Graphic file (type pdf)
<use /tmp/RtmpoJP1K1/preview-53a915c9abb92.dir/SVbyEye_files/figure-latex/unnam
ed-chunk-12-1.pdf>
Package pdftex.def Info: /tmp/RtmpoJP1K1/preview-53a915c9abb92.dir/SVbyEye_file
s/figure-latex/unnamed-chunk-12-1.pdf  used on input line 403.
(pdftex.def)             Requested size: 341.4396pt x 136.37819pt.
</tmp/RtmpoJP1K1/preview-53a915c9abb92.dir/SVbyEye_files/figure-latex/unnamed-c
hunk-12-2.pdf, id=249, 693.59125pt x 277.035pt>
File: /tmp/RtmpoJP1K1/preview-53a915c9abb92.dir/SVbyEye_files/figure-latex/unna
med-chunk-12-2.pdf Graphic file (type pdf)
<use /tmp/RtmpoJP1K1/preview-53a915c9abb92.dir/SVbyEye_files/figure-latex/unnam
ed-chunk-12-2.pdf>
Package pdftex.def Info: /tmp/RtmpoJP1K1/preview-53a915c9abb92.dir/SVbyEye_file
s/figure-latex/unnamed-chunk-12-2.pdf  used on input line 416.
(pdftex.def)             Requested size: 341.4396pt x 136.37819pt.
[8 </tmp/RtmpoJP1K1/preview-53a915c9abb92.dir/SVbyEye_files/figure-latex/unname
d-chunk-11-1.pdf> </tmp/RtmpoJP1K1/preview-53a915c9abb92.dir/SVbyEye_files/figu
re-latex/unnamed-chunk-12-1.pdf> </tmp/RtmpoJP1K1/preview-53a915c9abb92.dir/SVb
yEye_files/figure-latex/unnamed-chunk-12-2.pdf>]
</tmp/RtmpoJP1K1/preview-53a915c9abb92.dir/SVbyEye_files/figure-latex/unnamed-c
hunk-13-1.pdf, id=285, 693.59125pt x 277.035pt>
File: /tmp/RtmpoJP1K1/preview-53a915c9abb92.dir/SVbyEye_files/figure-latex/unna
med-chunk-13-1.pdf Graphic file (type pdf)
<use /tmp/RtmpoJP1K1/preview-53a915c9abb92.dir/SVbyEye_files/figure-latex/unnam
ed-chunk-13-1.pdf>
Package pdftex.def Info: /tmp/RtmpoJP1K1/preview-53a915c9abb92.dir/SVbyEye_file
s/figure-latex/unnamed-chunk-13-1.pdf  used on input line 437.
(pdftex.def)             Requested size: 341.4396pt x 136.37819pt.
</tmp/RtmpoJP1K1/preview-53a915c9abb92.dir/SVbyEye_files/figure-latex/unnamed-c
hunk-14-1.pdf, id=286, 693.59125pt x 204.765pt>
File: /tmp/RtmpoJP1K1/preview-53a915c9abb92.dir/SVbyEye_files/figure-latex/unna
med-chunk-14-1.pdf Graphic file (type pdf)
<use /tmp/RtmpoJP1K1/preview-53a915c9abb92.dir/SVbyEye_files/figure-latex/unnam
ed-chunk-14-1.pdf>
Package pdftex.def Info: /tmp/RtmpoJP1K1/preview-53a915c9abb92.dir/SVbyEye_file
s/figure-latex/unnamed-chunk-14-1.pdf  used on input line 455.
(pdftex.def)             Requested size: 341.4396pt x 100.80125pt.
</tmp/RtmpoJP1K1/preview-53a915c9abb92.dir/SVbyEye_files/figure-latex/unnamed-c
hunk-14-2.pdf, id=287, 693.59125pt x 204.765pt>
File: /tmp/RtmpoJP1K1/preview-53a915c9abb92.dir/SVbyEye_files/figure-latex/unna
med-chunk-14-2.pdf Graphic file (type pdf)
<use /tmp/RtmpoJP1K1/preview-53a915c9abb92.dir/SVbyEye_files/figure-latex/unnam
ed-chunk-14-2.pdf>
Package pdftex.def Info: /tmp/RtmpoJP1K1/preview-53a915c9abb92.dir/SVbyEye_file
s/figure-latex/unnamed-chunk-14-2.pdf  used on input line 465.
(pdftex.def)             Requested size: 341.4396pt x 100.80125pt.
[9 </tmp/RtmpoJP1K1/preview-53a915c9abb92.dir/SVbyEye_files/figure-latex/unname
d-chunk-13-1.pdf> </tmp/RtmpoJP1K1/preview-53a915c9abb92.dir/SVbyEye_files/figu
re-latex/unnamed-chunk-14-1.pdf>]
</tmp/RtmpoJP1K1/preview-53a915c9abb92.dir/SVbyEye_files/figure-latex/unnamed-c
hunk-15-1.pdf, id=314, 693.59125pt x 204.765pt>
File: /tmp/RtmpoJP1K1/preview-53a915c9abb92.dir/SVbyEye_files/figure-latex/unna
med-chunk-15-1.pdf Graphic file (type pdf)
<use /tmp/RtmpoJP1K1/preview-53a915c9abb92.dir/SVbyEye_files/figure-latex/unnam
ed-chunk-15-1.pdf>
Package pdftex.def Info: /tmp/RtmpoJP1K1/preview-53a915c9abb92.dir/SVbyEye_file
s/figure-latex/unnamed-chunk-15-1.pdf  used on input line 483.
(pdftex.def)             Requested size: 341.4396pt x 100.80125pt.
</tmp/RtmpoJP1K1/preview-53a915c9abb92.dir/SVbyEye_files/figure-latex/unnamed-c
hunk-16-1.pdf, id=315, 693.59125pt x 204.765pt>
File: /tmp/RtmpoJP1K1/preview-53a915c9abb92.dir/SVbyEye_files/figure-latex/unna
med-chunk-16-1.pdf Graphic file (type pdf)
<use /tmp/RtmpoJP1K1/preview-53a915c9abb92.dir/SVbyEye_files/figure-latex/unnam
ed-chunk-16-1.pdf>
Package pdftex.def Info: /tmp/RtmpoJP1K1/preview-53a915c9abb92.dir/SVbyEye_file
s/figure-latex/unnamed-chunk-16-1.pdf  used on input line 493.
(pdftex.def)             Requested size: 341.4396pt x 100.80125pt.
[10 </tmp/RtmpoJP1K1/preview-53a915c9abb92.dir/SVbyEye_files/figure-latex/unnam
ed-chunk-14-2.pdf> </tmp/RtmpoJP1K1/preview-53a915c9abb92.dir/SVbyEye_files/fig
ure-latex/unnamed-chunk-15-1.pdf> </tmp/RtmpoJP1K1/preview-53a915c9abb92.dir/SV
byEye_files/figure-latex/unnamed-chunk-16-1.pdf>]
</tmp/RtmpoJP1K1/preview-53a915c9abb92.dir/SVbyEye_files/figure-latex/unnamed-c
hunk-18-1.pdf, id=351, 548.0475pt x 340.27126pt>
File: /tmp/RtmpoJP1K1/preview-53a915c9abb92.dir/SVbyEye_files/figure-latex/unna
med-chunk-18-1.pdf Graphic file (type pdf)
<use /tmp/RtmpoJP1K1/preview-53a915c9abb92.dir/SVbyEye_files/figure-latex/unnam
ed-chunk-18-1.pdf>
Package pdftex.def Info: /tmp/RtmpoJP1K1/preview-53a915c9abb92.dir/SVbyEye_file
s/figure-latex/unnamed-chunk-18-1.pdf  used on input line 530.
(pdftex.def)             Requested size: 341.44171pt x 211.99403pt.
[11 </tmp/RtmpoJP1K1/preview-53a915c9abb92.dir/SVbyEye_files/figure-latex/unnam
ed-chunk-18-1.pdf>]
</tmp/RtmpoJP1K1/preview-53a915c9abb92.dir/SVbyEye_files/figure-latex/unnamed-c
hunk-19-1.pdf, id=367, 548.0475pt x 340.27126pt>
File: /tmp/RtmpoJP1K1/preview-53a915c9abb92.dir/SVbyEye_files/figure-latex/unna
med-chunk-19-1.pdf Graphic file (type pdf)
<use /tmp/RtmpoJP1K1/preview-53a915c9abb92.dir/SVbyEye_files/figure-latex/unnam
ed-chunk-19-1.pdf>
Package pdftex.def Info: /tmp/RtmpoJP1K1/preview-53a915c9abb92.dir/SVbyEye_file
s/figure-latex/unnamed-chunk-19-1.pdf  used on input line 542.
(pdftex.def)             Requested size: 341.44171pt x 211.99403pt.
</tmp/RtmpoJP1K1/preview-53a915c9abb92.dir/SVbyEye_files/figure-latex/unnamed-c
hunk-19-2.pdf, id=368, 548.0475pt x 340.27126pt>
File: /tmp/RtmpoJP1K1/preview-53a915c9abb92.dir/SVbyEye_files/figure-latex/unna
med-chunk-19-2.pdf Graphic file (type pdf)
<use /tmp/RtmpoJP1K1/preview-53a915c9abb92.dir/SVbyEye_files/figure-latex/unnam
ed-chunk-19-2.pdf>
Package pdftex.def Info: /tmp/RtmpoJP1K1/preview-53a915c9abb92.dir/SVbyEye_file
s/figure-latex/unnamed-chunk-19-2.pdf  used on input line 553.
(pdftex.def)             Requested size: 341.44171pt x 211.99403pt.
</tmp/RtmpoJP1K1/preview-53a915c9abb92.dir/SVbyEye_files/figure-latex/unnamed-c
hunk-19-3.pdf, id=369, 548.0475pt x 340.27126pt>
File: /tmp/RtmpoJP1K1/preview-53a915c9abb92.dir/SVbyEye_files/figure-latex/unna
med-chunk-19-3.pdf Graphic file (type pdf)
<use /tmp/RtmpoJP1K1/preview-53a915c9abb92.dir/SVbyEye_files/figure-latex/unnam
ed-chunk-19-3.pdf>
Package pdftex.def Info: /tmp/RtmpoJP1K1/preview-53a915c9abb92.dir/SVbyEye_file
s/figure-latex/unnamed-chunk-19-3.pdf  used on input line 563.
(pdftex.def)             Requested size: 341.44171pt x 211.99403pt.
[12 </tmp/RtmpoJP1K1/preview-53a915c9abb92.dir/SVbyEye_files/figure-latex/unnam
ed-chunk-19-1.pdf> </tmp/RtmpoJP1K1/preview-53a915c9abb92.dir/SVbyEye_files/fig
ure-latex/unnamed-chunk-19-2.pdf>]
</tmp/RtmpoJP1K1/preview-53a915c9abb92.dir/SVbyEye_files/figure-latex/unnamed-c
hunk-20-1.pdf, id=394, 548.0475pt x 340.27126pt>
File: /tmp/RtmpoJP1K1/preview-53a915c9abb92.dir/SVbyEye_files/figure-latex/unna
med-chunk-20-1.pdf Graphic file (type pdf)
<use /tmp/RtmpoJP1K1/preview-53a915c9abb92.dir/SVbyEye_files/figure-latex/unnam
ed-chunk-20-1.pdf>
Package pdftex.def Info: /tmp/RtmpoJP1K1/preview-53a915c9abb92.dir/SVbyEye_file
s/figure-latex/unnamed-chunk-20-1.pdf  used on input line 576.
(pdftex.def)             Requested size: 341.44171pt x 211.99403pt.
</tmp/RtmpoJP1K1/preview-53a915c9abb92.dir/SVbyEye_files/figure-latex/unnamed-c
hunk-20-2.pdf, id=395, 548.0475pt x 340.27126pt>
File: /tmp/RtmpoJP1K1/preview-53a915c9abb92.dir/SVbyEye_files/figure-latex/unna
med-chunk-20-2.pdf Graphic file (type pdf)
<use /tmp/RtmpoJP1K1/preview-53a915c9abb92.dir/SVbyEye_files/figure-latex/unnam
ed-chunk-20-2.pdf>
Package pdftex.def Info: /tmp/RtmpoJP1K1/preview-53a915c9abb92.dir/SVbyEye_file
s/figure-latex/unnamed-chunk-20-2.pdf  used on input line 587.
(pdftex.def)             Requested size: 341.44171pt x 211.99403pt.
[13 </tmp/RtmpoJP1K1/preview-53a915c9abb92.dir/SVbyEye_files/figure-latex/unnam
ed-chunk-19-3.pdf> </tmp/RtmpoJP1K1/preview-53a915c9abb92.dir/SVbyEye_files/fig
ure-latex/unnamed-chunk-20-1.pdf>]
</tmp/RtmpoJP1K1/preview-53a915c9abb92.dir/SVbyEye_files/figure-latex/unnamed-c
hunk-21-1.pdf, id=421, 548.0475pt x 341.275pt>
File: /tmp/RtmpoJP1K1/preview-53a915c9abb92.dir/SVbyEye_files/figure-latex/unna
med-chunk-21-1.pdf Graphic file (type pdf)
<use /tmp/RtmpoJP1K1/preview-53a915c9abb92.dir/SVbyEye_files/figure-latex/unnam
ed-chunk-21-1.pdf>
Package pdftex.def Info: /tmp/RtmpoJP1K1/preview-53a915c9abb92.dir/SVbyEye_file
s/figure-latex/unnamed-chunk-21-1.pdf  used on input line 604.
(pdftex.def)             Requested size: 341.44171pt x 212.61937pt.
[14 </tmp/RtmpoJP1K1/preview-53a915c9abb92.dir/SVbyEye_files/figure-latex/unnam
ed-chunk-20-2.pdf> </tmp/RtmpoJP1K1/preview-53a915c9abb92.dir/SVbyEye_files/fig
ure-latex/unnamed-chunk-21-1.pdf>]
</tmp/RtmpoJP1K1/preview-53a915c9abb92.dir/SVbyEye_files/figure-latex/unnamed-c
hunk-22-1.pdf, id=447, 548.0475pt x 341.275pt>
File: /tmp/RtmpoJP1K1/preview-53a915c9abb92.dir/SVbyEye_files/figure-latex/unna
med-chunk-22-1.pdf Graphic file (type pdf)
<use /tmp/RtmpoJP1K1/preview-53a915c9abb92.dir/SVbyEye_files/figure-latex/unnam
ed-chunk-22-1.pdf>
Package pdftex.def Info: /tmp/RtmpoJP1K1/preview-53a915c9abb92.dir/SVbyEye_file
s/figure-latex/unnamed-chunk-22-1.pdf  used on input line 626.
(pdftex.def)             Requested size: 341.44171pt x 212.61937pt.
</tmp/RtmpoJP1K1/preview-53a915c9abb92.dir/SVbyEye_files/figure-latex/unnamed-c
hunk-23-1.pdf, id=448, 548.0475pt x 341.275pt>
File: /tmp/RtmpoJP1K1/preview-53a915c9abb92.dir/SVbyEye_files/figure-latex/unna
med-chunk-23-1.pdf Graphic file (type pdf)
<use /tmp/RtmpoJP1K1/preview-53a915c9abb92.dir/SVbyEye_files/figure-latex/unnam
ed-chunk-23-1.pdf>
Package pdftex.def Info: /tmp/RtmpoJP1K1/preview-53a915c9abb92.dir/SVbyEye_file
s/figure-latex/unnamed-chunk-23-1.pdf  used on input line 646.
(pdftex.def)             Requested size: 341.44171pt x 212.61937pt.
[15 </tmp/RtmpoJP1K1/preview-53a915c9abb92.dir/SVbyEye_files/figure-latex/unnam
ed-chunk-22-1.pdf>]
</tmp/RtmpoJP1K1/preview-53a915c9abb92.dir/SVbyEye_files/figure-latex/unnamed-c
hunk-24-1.pdf, id=463, 548.0475pt x 340.27126pt>
File: /tmp/RtmpoJP1K1/preview-53a915c9abb92.dir/SVbyEye_files/figure-latex/unna
med-chunk-24-1.pdf Graphic file (type pdf)
<use /tmp/RtmpoJP1K1/preview-53a915c9abb92.dir/SVbyEye_files/figure-latex/unnam
ed-chunk-24-1.pdf>
Package pdftex.def Info: /tmp/RtmpoJP1K1/preview-53a915c9abb92.dir/SVbyEye_file
s/figure-latex/unnamed-chunk-24-1.pdf  used on input line 660.
(pdftex.def)             Requested size: 341.44171pt x 211.99403pt.
</tmp/RtmpoJP1K1/preview-53a915c9abb92.dir/SVbyEye_files/figure-latex/unnamed-c
hunk-25-1.pdf, id=464, 548.0475pt x 340.27126pt>
File: /tmp/RtmpoJP1K1/preview-53a915c9abb92.dir/SVbyEye_files/figure-latex/unna
med-chunk-25-1.pdf Graphic file (type pdf)
<use /tmp/RtmpoJP1K1/preview-53a915c9abb92.dir/SVbyEye_files/figure-latex/unnam
ed-chunk-25-1.pdf>
Package pdftex.def Info: /tmp/RtmpoJP1K1/preview-53a915c9abb92.dir/SVbyEye_file
s/figure-latex/unnamed-chunk-25-1.pdf  used on input line 672.
(pdftex.def)             Requested size: 341.44171pt x 211.99403pt.
[16 </tmp/RtmpoJP1K1/preview-53a915c9abb92.dir/SVbyEye_files/figure-latex/unnam
ed-chunk-23-1.pdf> </tmp/RtmpoJP1K1/preview-53a915c9abb92.dir/SVbyEye_files/fig
ure-latex/unnamed-chunk-24-1.pdf>]
</tmp/RtmpoJP1K1/preview-53a915c9abb92.dir/SVbyEye_files/figure-latex/unnamed-c
hunk-26-1.pdf, id=489, 706.64pt x 126.4725pt>
File: /tmp/RtmpoJP1K1/preview-53a915c9abb92.dir/SVbyEye_files/figure-latex/unna
med-chunk-26-1.pdf Graphic file (type pdf)
<use /tmp/RtmpoJP1K1/preview-53a915c9abb92.dir/SVbyEye_files/figure-latex/unnam
ed-chunk-26-1.pdf>
Package pdftex.def Info: /tmp/RtmpoJP1K1/preview-53a915c9abb92.dir/SVbyEye_file
s/figure-latex/unnamed-chunk-26-1.pdf  used on input line 692.
(pdftex.def)             Requested size: 341.43687pt x 61.10944pt.
</tmp/RtmpoJP1K1/preview-53a915c9abb92.dir/SVbyEye_files/figure-latex/unnamed-c
hunk-27-1.pdf, id=490, 706.64pt x 198.7425pt>
File: /tmp/RtmpoJP1K1/preview-53a915c9abb92.dir/SVbyEye_files/figure-latex/unna
med-chunk-27-1.pdf Graphic file (type pdf)
<use /tmp/RtmpoJP1K1/preview-53a915c9abb92.dir/SVbyEye_files/figure-latex/unnam
ed-chunk-27-1.pdf>
Package pdftex.def Info: /tmp/RtmpoJP1K1/preview-53a915c9abb92.dir/SVbyEye_file
s/figure-latex/unnamed-chunk-27-1.pdf  used on input line 702.
(pdftex.def)             Requested size: 341.43687pt x 96.02911pt.
[17 </tmp/RtmpoJP1K1/preview-53a915c9abb92.dir/SVbyEye_files/figure-latex/unnam
ed-chunk-25-1.pdf> </tmp/RtmpoJP1K1/preview-53a915c9abb92.dir/SVbyEye_files/fig
ure-latex/unnamed-chunk-26-1.pdf> </tmp/RtmpoJP1K1/preview-53a915c9abb92.dir/SV
byEye_files/figure-latex/unnamed-chunk-27-1.pdf>]
</tmp/RtmpoJP1K1/preview-53a915c9abb92.dir/SVbyEye_files/figure-latex/unnamed-c
hunk-28-1.pdf, id=526, 698.61pt x 67.25125pt>
File: /tmp/RtmpoJP1K1/preview-53a915c9abb92.dir/SVbyEye_files/figure-latex/unna
med-chunk-28-1.pdf Graphic file (type pdf)
<use /tmp/RtmpoJP1K1/preview-53a915c9abb92.dir/SVbyEye_files/figure-latex/unnam
ed-chunk-28-1.pdf>
Package pdftex.def Info: /tmp/RtmpoJP1K1/preview-53a915c9abb92.dir/SVbyEye_file
s/figure-latex/unnamed-chunk-28-1.pdf  used on input line 712.
(pdftex.def)             Requested size: 341.43712pt x 32.86821pt.
</tmp/RtmpoJP1K1/preview-53a915c9abb92.dir/SVbyEye_files/figure-latex/unnamed-c
hunk-29-1.pdf, id=527, 706.64pt x 198.7425pt>
File: /tmp/RtmpoJP1K1/preview-53a915c9abb92.dir/SVbyEye_files/figure-latex/unna
med-chunk-29-1.pdf Graphic file (type pdf)
<use /tmp/RtmpoJP1K1/preview-53a915c9abb92.dir/SVbyEye_files/figure-latex/unnam
ed-chunk-29-1.pdf>
Package pdftex.def Info: /tmp/RtmpoJP1K1/preview-53a915c9abb92.dir/SVbyEye_file
s/figure-latex/unnamed-chunk-29-1.pdf  used on input line 725.
(pdftex.def)             Requested size: 341.43687pt x 96.02911pt.
</tmp/RtmpoJP1K1/preview-53a915c9abb92.dir/SVbyEye_files/figure-latex/unnamed-c
hunk-30-1.pdf, id=528, 706.64pt x 216.81pt>
File: /tmp/RtmpoJP1K1/preview-53a915c9abb92.dir/SVbyEye_files/figure-latex/unna
med-chunk-30-1.pdf Graphic file (type pdf)
<use /tmp/RtmpoJP1K1/preview-53a915c9abb92.dir/SVbyEye_files/figure-latex/unnam
ed-chunk-30-1.pdf>
Package pdftex.def Info: /tmp/RtmpoJP1K1/preview-53a915c9abb92.dir/SVbyEye_file
s/figure-latex/unnamed-chunk-30-1.pdf  used on input line 735.
(pdftex.def)             Requested size: 341.43687pt x 104.75903pt.
</tmp/RtmpoJP1K1/preview-53a915c9abb92.dir/SVbyEye_files/figure-latex/unnamed-c
hunk-31-1.pdf, id=529, 706.64pt x 198.7425pt>
File: /tmp/RtmpoJP1K1/preview-53a915c9abb92.dir/SVbyEye_files/figure-latex/unna
med-chunk-31-1.pdf Graphic file (type pdf)
<use /tmp/RtmpoJP1K1/preview-53a915c9abb92.dir/SVbyEye_files/figure-latex/unnam
ed-chunk-31-1.pdf>
Package pdftex.def Info: /tmp/RtmpoJP1K1/preview-53a915c9abb92.dir/SVbyEye_file
s/figure-latex/unnamed-chunk-31-1.pdf  used on input line 748.
(pdftex.def)             Requested size: 341.43687pt x 96.02911pt.
[18 </tmp/RtmpoJP1K1/preview-53a915c9abb92.dir/SVbyEye_files/figure-latex/unnam
ed-chunk-28-1.pdf> </tmp/RtmpoJP1K1/preview-53a915c9abb92.dir/SVbyEye_files/fig
ure-latex/unnamed-chunk-29-1.pdf> </tmp/RtmpoJP1K1/preview-53a915c9abb92.dir/SV
byEye_files/figure-latex/unnamed-chunk-30-1.pdf> </tmp/RtmpoJP1K1/preview-53a91
5c9abb92.dir/SVbyEye_files/figure-latex/unnamed-chunk-31-1.pdf>]
</tmp/RtmpoJP1K1/preview-53a915c9abb92.dir/SVbyEye_files/figure-latex/unnamed-c
hunk-32-1.pdf, id=573, 692.5875pt x 204.765pt>
File: /tmp/RtmpoJP1K1/preview-53a915c9abb92.dir/SVbyEye_files/figure-latex/unna
med-chunk-32-1.pdf Graphic file (type pdf)
<use /tmp/RtmpoJP1K1/preview-53a915c9abb92.dir/SVbyEye_files/figure-latex/unnam
ed-chunk-32-1.pdf>
Package pdftex.def Info: /tmp/RtmpoJP1K1/preview-53a915c9abb92.dir/SVbyEye_file
s/figure-latex/unnamed-chunk-32-1.pdf  used on input line 770.
(pdftex.def)             Requested size: 341.44217pt x 100.9481pt.
[19 </tmp/RtmpoJP1K1/preview-53a915c9abb92.dir/SVbyEye_files/figure-latex/unnam
ed-chunk-32-1.pdf>] [20] [21] (./SVbyEye.aux)
Package rerunfilecheck Info: File `SVbyEye.out' has not changed.
(rerunfilecheck)             Checksum: D0D82EC45C202F9747C4CB742E81C96E;4312.
 ) 
Here is how much of TeX's memory you used:
 17868 strings out of 480247
 315869 string characters out of 5896151
 613202 words of memory out of 5000000
 35340 multiletter control sequences out of 15000+600000
 525351 words of font info for 101 fonts, out of 8000000 for 9000
 14 hyphenation exceptions out of 8191
 75i,13n,77p,1238b,432s stack positions out of 5000i,500n,10000p,200000b,80000s
{/usr/share/texlive/texmf-dist/fonts/enc/dvips/base/8r.enc}{/usr/share/texmf/
fonts/enc/dvips/lm/lm-ec.enc}</usr/share/texlive/texmf-dist/fonts/type1/public/
bera/fvmr8a.pfb></usr/share/texlive/texmf-dist/fonts/type1/public/bera/fvmro8a.
pfb></usr/share/texmf/fonts/type1/public/lm/lmss10.pfb></usr/share/texmf/fonts/
type1/public/lm/lmssbo10.pfb></usr/share/texmf/fonts/type1/public/lm/lmssbx10.p
fb></usr/share/texmf/fonts/type1/public/lm/lmsso10.pfb></usr/share/texlive/texm
f-dist/fonts/type1/urw/helvetic/uhvb8a.pfb></usr/share/texlive/texmf-dist/fonts
/type1/urw/helvetic/uhvr8a.pfb>
Output written on SVbyEye.pdf (21 pages, 1400134 bytes).
PDF statistics:
 654 PDF objects out of 1000 (max. 8388607)
 489 compressed objects within 5 object streams
 55 named destinations out of 1000 (max. 500000)
 18736 words of extra memory for PDF output out of 20736 (max. 10000000)

